Watching for file changes with StatReloader
Performing system checks...

System check identified some issues:

WARNINGS:
todos.Todo: (models.W042) Auto-created primary key used when not defining a primary key type, by default 'django.db.models.AutoField'.
	HINT: Configure the DEFAULT_AUTO_FIELD setting or the TodosConfig.default_auto_field attribute to point to a subclass of AutoField, e.g. 'django.db.models.BigAutoField'.

System check identified 1 issue (0 silenced).
July 03, 2024 - 14:49:58
Django version 4.2.11, using settings 'todoApp.settings'
Starting development server at http://0.0.0.0:8001/
Quit the server with CONTROL-C.

[03/Jul/2024 14:50:05] "GET /todos/22/delete HTTP/1.1" 302 0
[03/Jul/2024 14:50:05] "GET /todos/ HTTP/1.1" 200 3515
Watching for file changes with StatReloader
Performing system checks...

System check identified some issues:

WARNINGS:
todos.Todo: (models.W042) Auto-created primary key used when not defining a primary key type, by default 'django.db.models.AutoField'.
	HINT: Configure the DEFAULT_AUTO_FIELD setting or the TodosConfig.default_auto_field attribute to point to a subclass of AutoField, e.g. 'django.db.models.BigAutoField'.

System check identified 1 issue (0 silenced).
July 03, 2024 - 14:51:02
Django version 4.2.11, using settings 'todoApp.settings'
Starting development server at http://0.0.0.0:8001/
Quit the server with CONTROL-C.

[03/Jul/2024 14:51:31] "POST /todos/add/ HTTP/1.1" 302 0
[03/Jul/2024 14:51:32] "GET /todos/ HTTP/1.1" 200 4092
[03/Jul/2024 14:51:36] "POST /todos/add/ HTTP/1.1" 302 0
[03/Jul/2024 14:51:36] "GET /todos/ HTTP/1.1" 200 4672
[03/Jul/2024 14:51:38] "GET /todos/24/delete HTTP/1.1" 302 0
[03/Jul/2024 14:51:38] "GET /todos/ HTTP/1.1" 200 4092
[03/Jul/2024 14:53:38] "GET /todos/23/delete HTTP/1.1" 302 0
[03/Jul/2024 14:53:38] "GET /todos/ HTTP/1.1" 200 3515
[03/Jul/2024 14:53:44] "POST /todos/add/ HTTP/1.1" 302 0
[03/Jul/2024 14:53:45] "GET /todos/ HTTP/1.1" 200 4135
Not Found: /robots.txt
[03/Jul/2024 14:54:06] "GET /robots.txt HTTP/1.1" 404 2566
[03/Jul/2024 14:54:09] "GET / HTTP/1.1" 302 0
[03/Jul/2024 14:54:09] "GET /todos HTTP/1.1" 301 0
[03/Jul/2024 14:54:55] "GET /todos/ HTTP/1.1" 200 4135
[03/Jul/2024 14:55:43] "GET /static/css/style.css HTTP/1.1" 200 225
[03/Jul/2024 15:25:41] "GET /todos/ HTTP/1.1" 200 4135
[03/Jul/2024 15:25:42] "GET /static/css/style.css HTTP/1.1" 304 0
